<?xml version="1.0" encoding="UTF-8"?>
<coverage generated="1763133851624" clover="3.2.0">
  <project timestamp="1763133851624" name="All files">
    <metrics statements="63" coveredstatements="63" conditionals="30" coveredconditionals="28" methods="15" coveredmethods="14" elements="108" coveredelements="105" complexity="0" loc="63" ncloc="63" packages="9" files="11" classes="11"/>
    <package name="app">
      <metrics statements="5" coveredstatements="5" conditionals="0" coveredconditionals="0" methods="1" coveredmethods="1"/>
      <file name="App.tsx" path="/Users/tondikiandika/Desktop/Programming/portfolio/uangku-web/src/app/App.tsx">
        <metrics statements="5" coveredstatements="5" conditionals="0" coveredconditionals="0" methods="1" coveredmethods="1"/>
        <line num="1" count="2" type="stmt"/>
        <line num="2" count="2" type="stmt"/>
        <line num="3" count="2" type="stmt"/>
        <line num="5" count="2" type="stmt"/>
        <line num="6" count="2" type="stmt"/>
      </file>
    </package>
    <package name="components">
      <metrics statements="2" coveredstatements="2" conditionals="0" coveredconditionals="0" methods="0" coveredmethods="0"/>
      <file name="index.ts" path="/Users/tondikiandika/Desktop/Programming/portfolio/uangku-web/src/components/index.ts">
        <metrics statements="2" coveredstatements="2" conditionals="0" coveredconditionals="0" methods="0" coveredmethods="0"/>
        <line num="1" count="1" type="stmt"/>
        <line num="2" count="1" type="stmt"/>
      </file>
    </package>
    <package name="components.commons">
      <metrics statements="1" coveredstatements="1" conditionals="0" coveredconditionals="0" methods="1" coveredmethods="0"/>
      <file name="index.ts" path="/Users/tondikiandika/Desktop/Programming/portfolio/uangku-web/src/components/commons/index.ts">
        <metrics statements="1" coveredstatements="1" conditionals="0" coveredconditionals="0" methods="1" coveredmethods="0"/>
        <line num="1" count="1" type="stmt"/>
      </file>
    </package>
    <package name="components.commons.PageLoader">
      <metrics statements="4" coveredstatements="4" conditionals="0" coveredconditionals="0" methods="1" coveredmethods="1"/>
      <file name="PageLoader.tsx" path="/Users/tondikiandika/Desktop/Programming/portfolio/uangku-web/src/components/commons/PageLoader/PageLoader.tsx">
        <metrics statements="4" coveredstatements="4" conditionals="0" coveredconditionals="0" methods="1" coveredmethods="1"/>
        <line num="1" count="2" type="stmt"/>
        <line num="2" count="2" type="stmt"/>
        <line num="4" count="2" type="stmt"/>
        <line num="5" count="2" type="stmt"/>
      </file>
    </package>
    <package name="components.layouts">
      <metrics statements="1" coveredstatements="1" conditionals="0" coveredconditionals="0" methods="1" coveredmethods="1"/>
      <file name="index.ts" path="/Users/tondikiandika/Desktop/Programming/portfolio/uangku-web/src/components/layouts/index.ts">
        <metrics statements="1" coveredstatements="1" conditionals="0" coveredconditionals="0" methods="1" coveredmethods="1"/>
        <line num="1" count="6" type="stmt"/>
      </file>
    </package>
    <package name="components.layouts.FullScreenContainer">
      <metrics statements="3" coveredstatements="3" conditionals="2" coveredconditionals="1" methods="1" coveredmethods="1"/>
      <file name="FullScreenContainer.tsx" path="/Users/tondikiandika/Desktop/Programming/portfolio/uangku-web/src/components/layouts/FullScreenContainer/FullScreenContainer.tsx">
        <metrics statements="3" coveredstatements="3" conditionals="2" coveredconditionals="1" methods="1" coveredmethods="1"/>
        <line num="8" count="4" type="stmt"/>
        <line num="12" count="6" type="stmt"/>
        <line num="20" count="4" type="stmt"/>
      </file>
    </package>
    <package name="features.auth.components">
      <metrics statements="29" coveredstatements="29" conditionals="22" coveredconditionals="22" methods="7" coveredmethods="7"/>
      <file name="AuthForm.tsx" path="/Users/tondikiandika/Desktop/Programming/portfolio/uangku-web/src/features/auth/components/AuthForm.tsx">
        <metrics statements="24" coveredstatements="24" conditionals="22" coveredconditionals="22" methods="6" coveredmethods="6"/>
        <line num="1" count="1" type="stmt"/>
        <line num="2" count="1" type="stmt"/>
        <line num="3" count="1" type="stmt"/>
        <line num="10" count="1" type="stmt"/>
        <line num="11" count="70" type="stmt"/>
        <line num="12" count="70" type="stmt"/>
        <line num="14" count="70" type="stmt"/>
        <line num="20" count="70" type="stmt"/>
        <line num="21" count="9" type="cond" truecount="6" falsecount="0"/>
        <line num="22" count="1" type="stmt"/>
        <line num="27" count="70" type="cond" truecount="2" falsecount="0"/>
        <line num="28" count="70" type="cond" truecount="2" falsecount="0"/>
        <line num="29" count="70" type="cond" truecount="2" falsecount="0"/>
        <line num="30" count="70" type="cond" truecount="2" falsecount="0"/>
        <line num="34" count="70" type="stmt"/>
        <line num="35" count="61" type="stmt"/>
        <line num="36" count="61" type="stmt"/>
        <line num="39" count="70" type="stmt"/>
        <line num="40" count="2" type="stmt"/>
        <line num="41" count="2" type="cond" truecount="2" falsecount="0"/>
        <line num="42" count="1" type="stmt"/>
        <line num="44" count="1" type="stmt"/>
        <line num="47" count="70" type="stmt"/>
        <line num="98" count="1" type="stmt"/>
      </file>
      <file name="AuthLayout.tsx" path="/Users/tondikiandika/Desktop/Programming/portfolio/uangku-web/src/features/auth/components/AuthLayout.tsx">
        <metrics statements="5" coveredstatements="5" conditionals="0" coveredconditionals="0" methods="1" coveredmethods="1"/>
        <line num="1" count="1" type="stmt"/>
        <line num="2" count="1" type="stmt"/>
        <line num="3" count="1" type="stmt"/>
        <line num="5" count="1" type="stmt"/>
        <line num="6" count="1" type="stmt"/>
      </file>
    </package>
    <package name="features.auth.pages">
      <metrics statements="7" coveredstatements="7" conditionals="0" coveredconditionals="0" methods="2" coveredmethods="2"/>
      <file name="SignInPage.tsx" path="/Users/tondikiandika/Desktop/Programming/portfolio/uangku-web/src/features/auth/pages/SignInPage.tsx">
        <metrics statements="4" coveredstatements="4" conditionals="0" coveredconditionals="0" methods="1" coveredmethods="1"/>
        <line num="1" count="1" type="stmt"/>
        <line num="3" count="1" type="stmt"/>
        <line num="4" count="1" type="stmt"/>
        <line num="7" count="1" type="stmt"/>
      </file>
      <file name="SignUpPage.tsx" path="/Users/tondikiandika/Desktop/Programming/portfolio/uangku-web/src/features/auth/pages/SignUpPage.tsx">
        <metrics statements="3" coveredstatements="3" conditionals="0" coveredconditionals="0" methods="1" coveredmethods="1"/>
        <line num="1" count="1" type="stmt"/>
        <line num="3" count="1" type="stmt"/>
        <line num="4" count="1" type="stmt"/>
      </file>
    </package>
    <package name="features.error.pages">
      <metrics statements="11" coveredstatements="11" conditionals="6" coveredconditionals="5" methods="1" coveredmethods="1"/>
      <file name="ErrorPage.tsx" path="/Users/tondikiandika/Desktop/Programming/portfolio/uangku-web/src/features/error/pages/ErrorPage.tsx">
        <metrics statements="11" coveredstatements="11" conditionals="6" coveredconditionals="5" methods="1" coveredmethods="1"/>
        <line num="1" count="1" type="stmt"/>
        <line num="2" count="1" type="stmt"/>
        <line num="3" count="1" type="stmt"/>
        <line num="4" count="1" type="stmt"/>
        <line num="10" count="1" type="stmt"/>
        <line num="16" count="1" type="stmt"/>
        <line num="22" count="1" type="stmt"/>
        <line num="23" count="2" type="stmt"/>
        <line num="25" count="2" type="cond" truecount="3" falsecount="1"/>
        <line num="27" count="2" type="cond" truecount="2" falsecount="0"/>
        <line num="29" count="2" type="stmt"/>
      </file>
    </package>
  </project>
</coverage>
