{"/Users/tondikiandika/Desktop/Programming/portfolio/uangku-web/src/App.tsx": {"path":"/Users/tondikiandika/Desktop/Programming/portfolio/uangku-web/src/App.tsx","statementMap":{"0":{"start":{"line":1,"column":0},"end":{"line":1,"column":31}},"1":{"start":{"line":2,"column":0},"end":{"line":2,"column":43}},"2":{"start":{"line":3,"column":0},"end":{"line":3,"column":33}},"3":{"start":{"line":4,"column":0},"end":{"line":4,"column":19}},"4":{"start":{"line":7,"column":28},"end":{"line":7,"column":39}},"5":{"start":{"line":9,"column":2},"end":{"line":32,"column":4}},"6":{"start":{"line":21,"column":31},"end":{"line":21,"column":61}},"7":{"start":{"line":21,"column":51},"end":{"line":21,"column":60}},"8":{"start":{"line":35,"column":0},"end":{"line":35,"column":19}}},"fnMap":{"0":{"name":"App","decl":{"start":{"line":6,"column":9},"end":{"line":6,"column":12}},"loc":{"start":{"line":6,"column":12},"end":{"line":33,"column":1}}},"1":{"name":"(anonymous_2)","decl":{"start":{"line":21,"column":25},"end":{"line":21,"column":28}},"loc":{"start":{"line":21,"column":31},"end":{"line":21,"column":61}}},"2":{"name":"(anonymous_3)","decl":{"start":{"line":21,"column":40},"end":{"line":21,"column":41}},"loc":{"start":{"line":21,"column":51},"end":{"line":21,"column":60}}}},"branchMap":{},"s":{"0":1,"1":1,"2":1,"3":1,"4":3,"5":3,"6":1,"7":1,"8":1},"f":{"0":3,"1":1,"2":1},"b":{}}
}
