{"/Users/tondikiandika/Desktop/Programming/portfolio/uangku-web/src/app/App.tsx": {"path":"/Users/tondikiandika/Desktop/Programming/portfolio/uangku-web/src/app/App.tsx","statementMap":{"0":{"start":{"line":5,"column":0},"end":{"line":5,"column":24}},"1":{"start":{"line":1,"column":0},"end":{"line":1,"column":31}},"2":{"start":{"line":2,"column":0},"end":{"line":2,"column":36}},"3":{"start":{"line":3,"column":0},"end":{"line":3,"column":49}},"4":{"start":{"line":6,"column":2},"end":{"line":10,"column":4}}},"fnMap":{"0":{"name":"App","decl":{"start":{"line":5,"column":24},"end":{"line":5,"column":27}},"loc":{"start":{"line":5,"column":27},"end":{"line":11,"column":1}}}},"branchMap":{},"s":{"0":2,"1":2,"2":2,"3":2,"4":2},"f":{"0":2},"b":{}}
,"/Users/tondikiandika/Desktop/Programming/portfolio/uangku-web/src/app/components/PageLoader.tsx": {"path":"/Users/tondikiandika/Desktop/Programming/portfolio/uangku-web/src/app/components/PageLoader.tsx","statementMap":{"0":{"start":{"line":3,"column":0},"end":{"line":3,"column":24}},"1":{"start":{"line":1,"column":0},"end":{"line":1,"column":47}},"2":{"start":{"line":4,"column":2},"end":{"line":8,"column":4}}},"fnMap":{"0":{"name":"PageLoader","decl":{"start":{"line":3,"column":24},"end":{"line":3,"column":34}},"loc":{"start":{"line":3,"column":34},"end":{"line":9,"column":1}}}},"branchMap":{},"s":{"0":1,"1":1,"2":2},"f":{"0":2},"b":{}}
,"/Users/tondikiandika/Desktop/Programming/portfolio/uangku-web/src/features/auth/components/AuthForm.tsx": {"path":"/Users/tondikiandika/Desktop/Programming/portfolio/uangku-web/src/features/auth/components/AuthForm.tsx","statementMap":{"0":{"start":{"line":1,"column":0},"end":{"line":1,"column":67}},"1":{"start":{"line":2,"column":0},"end":{"line":2,"column":47}},"2":{"start":{"line":3,"column":0},"end":{"line":3,"column":41}},"3":{"start":{"line":10,"column":36},"end":{"line":94,"column":1}},"4":{"start":{"line":11,"column":50},"end":{"line":11,"column":59}},"5":{"start":{"line":12,"column":19},"end":{"line":12,"column":32}},"6":{"start":{"line":14,"column":34},"end":{"line":18,"column":4}},"7":{"start":{"line":20,"column":2},"end":{"line":25,"column":13}},"8":{"start":{"line":21,"column":4},"end":{"line":23,"column":5}},"9":{"start":{"line":22,"column":6},"end":{"line":22,"column":20}},"10":{"start":{"line":27,"column":16},"end":{"line":27,"column":48}},"11":{"start":{"line":28,"column":22},"end":{"line":28,"column":55}},"12":{"start":{"line":29,"column":22},"end":{"line":29,"column":57}},"13":{"start":{"line":31,"column":23},"end":{"line":34,"column":3}},"14":{"start":{"line":32,"column":26},"end":{"line":32,"column":34}},"15":{"start":{"line":33,"column":4},"end":{"line":33,"column":54}},"16":{"start":{"line":33,"column":26},"end":{"line":33,"column":52}},"17":{"start":{"line":36,"column":23},"end":{"line":42,"column":4}},"18":{"start":{"line":36,"column":46},"end":{"line":42,"column":4}},"19":{"start":{"line":37,"column":4},"end":{"line":37,"column":23}},"20":{"start":{"line":38,"column":4},"end":{"line":40,"column":5}},"21":{"start":{"line":39,"column":6},"end":{"line":39,"column":38}},"22":{"start":{"line":41,"column":4},"end":{"line":41,"column":26}},"23":{"start":{"line":44,"column":2},"end":{"line":93,"column":4}},"24":{"start":{"line":95,"column":0},"end":{"line":95,"column":24}}},"fnMap":{"0":{"name":"(anonymous_7)","decl":{"start":{"line":10,"column":36},"end":{"line":10,"column":37}},"loc":{"start":{"line":10,"column":51},"end":{"line":94,"column":1}}},"1":{"name":"(anonymous_8)","decl":{"start":{"line":20,"column":12},"end":{"line":20,"column":15}},"loc":{"start":{"line":20,"column":17},"end":{"line":25,"column":3}}},"2":{"name":"(anonymous_9)","decl":{"start":{"line":31,"column":23},"end":{"line":31,"column":24}},"loc":{"start":{"line":31,"column":66},"end":{"line":34,"column":3}}},"3":{"name":"(anonymous_10)","decl":{"start":{"line":33,"column":16},"end":{"line":33,"column":17}},"loc":{"start":{"line":33,"column":26},"end":{"line":33,"column":52}}},"4":{"name":"(anonymous_11)","decl":{"start":{"line":36,"column":23},"end":{"line":36,"column":30}},"loc":{"start":{"line":36,"column":46},"end":{"line":42,"column":4}}},"5":{"name":"(anonymous_12)","decl":{"start":{"line":36,"column":46},"end":{"line":36,"column":null}},"loc":{"start":{"line":36,"column":46},"end":{"line":42,"column":3}}}},"branchMap":{"0":{"loc":{"start":{"line":21,"column":4},"end":{"line":23,"column":5}},"type":"if","locations":[{"start":{"line":21,"column":4},"end":{"line":23,"column":5}},{"start":{},"end":{}}]},"1":{"loc":{"start":{"line":21,"column":8},"end":{"line":21,"column":16}},"type":"cond-expr","locations":[{"start":{"line":21,"column":12},"end":{"line":21,"column":14}},{"start":{"line":21,"column":8},"end":{"line":21,"column":16}}]},"2":{"loc":{"start":{"line":21,"column":8},"end":{"line":21,"column":14}},"type":"binary-expr","locations":[{"start":{"line":21,"column":8},"end":{"line":21,"column":14}},{"start":{"line":21,"column":8},"end":{"line":21,"column":14}}]},"3":{"loc":{"start":{"line":27,"column":16},"end":{"line":27,"column":48}},"type":"cond-expr","locations":[{"start":{"line":27,"column":27},"end":{"line":27,"column":36}},{"start":{"line":27,"column":39},"end":{"line":27,"column":48}}]},"4":{"loc":{"start":{"line":28,"column":22},"end":{"line":28,"column":55}},"type":"cond-expr","locations":[{"start":{"line":28,"column":34},"end":{"line":28,"column":43}},{"start":{"line":28,"column":46},"end":{"line":28,"column":55}}]},"5":{"loc":{"start":{"line":29,"column":22},"end":{"line":29,"column":57}},"type":"cond-expr","locations":[{"start":{"line":29,"column":34},"end":{"line":29,"column":44}},{"start":{"line":29,"column":47},"end":{"line":29,"column":57}}]},"6":{"loc":{"start":{"line":38,"column":4},"end":{"line":40,"column":5}},"type":"if","locations":[{"start":{"line":38,"column":4},"end":{"line":40,"column":5}},{"start":{},"end":{}}]},"7":{"loc":{"start":{"line":47,"column":7},"end":{"line":58,"column":null}},"type":"binary-expr","locations":[{"start":{"line":47,"column":7},"end":{"line":47,"column":15}},{"start":{"line":48,"column":8},"end":{"line":57,"column":null}}]},"8":{"loc":{"start":{"line":82,"column":9},"end":{"line":82,"column":69}},"type":"binary-expr","locations":[{"start":{"line":82,"column":9},"end":{"line":82,"column":16}},{"start":{"line":82,"column":20},"end":{"line":82,"column":69}}]},"9":{"loc":{"start":{"line":85,"column":7},"end":{"line":85,"column":60}},"type":"binary-expr","locations":[{"start":{"line":85,"column":7},"end":{"line":85,"column":12}},{"start":{"line":85,"column":16},"end":{"line":85,"column":60}}]}},"s":{"0":1,"1":1,"2":1,"3":1,"4":70,"5":70,"6":70,"7":70,"8":9,"9":1,"10":70,"11":70,"12":70,"13":70,"14":61,"15":61,"16":61,"17":70,"18":2,"19":2,"20":2,"21":1,"22":1,"23":70,"24":1},"f":{"0":70,"1":9,"2":61,"3":61,"4":2,"5":2},"b":{"0":[1,8],"1":[8,1],"2":[9,1],"3":[36,34],"4":[34,36],"5":[34,36],"6":[1,1],"7":[70,36],"8":[70,1],"9":[70,1]}}
,"/Users/tondikiandika/Desktop/Programming/portfolio/uangku-web/src/features/auth/components/AuthLayout.tsx": {"path":"/Users/tondikiandika/Desktop/Programming/portfolio/uangku-web/src/features/auth/components/AuthLayout.tsx","statementMap":{"0":{"start":{"line":4,"column":0},"end":{"line":4,"column":24}},"1":{"start":{"line":1,"column":0},"end":{"line":1,"column":36}},"2":{"start":{"line":2,"column":0},"end":{"line":2,"column":55}},"3":{"start":{"line":5,"column":2},"end":{"line":18,"column":4}}},"fnMap":{"0":{"name":"AuthLayout","decl":{"start":{"line":4,"column":24},"end":{"line":4,"column":34}},"loc":{"start":{"line":4,"column":34},"end":{"line":19,"column":1}}}},"branchMap":{},"s":{"0":1,"1":1,"2":1,"3":1},"f":{"0":1},"b":{}}
,"/Users/tondikiandika/Desktop/Programming/portfolio/uangku-web/src/features/auth/pages/SignInPage.tsx": {"path":"/Users/tondikiandika/Desktop/Programming/portfolio/uangku-web/src/features/auth/pages/SignInPage.tsx","statementMap":{"0":{"start":{"line":1,"column":0},"end":{"line":1,"column":46}},"1":{"start":{"line":3,"column":15},"end":{"line":5,"column":1}},"2":{"start":{"line":4,"column":2},"end":{"line":4,"column":22}},"3":{"start":{"line":7,"column":0},"end":{"line":7,"column":22}}},"fnMap":{"0":{"name":"(anonymous_1)","decl":{"start":{"line":3,"column":15},"end":{"line":3,"column":18}},"loc":{"start":{"line":3,"column":20},"end":{"line":5,"column":1}}}},"branchMap":{},"s":{"0":1,"1":1,"2":1,"3":1},"f":{"0":1},"b":{}}
,"/Users/tondikiandika/Desktop/Programming/portfolio/uangku-web/src/features/auth/pages/SignUpPage.tsx": {"path":"/Users/tondikiandika/Desktop/Programming/portfolio/uangku-web/src/features/auth/pages/SignUpPage.tsx","statementMap":{"0":{"start":{"line":3,"column":0},"end":{"line":3,"column":24}},"1":{"start":{"line":1,"column":0},"end":{"line":1,"column":46}},"2":{"start":{"line":4,"column":2},"end":{"line":4,"column":31}}},"fnMap":{"0":{"name":"SignUpPage","decl":{"start":{"line":3,"column":24},"end":{"line":3,"column":34}},"loc":{"start":{"line":3,"column":34},"end":{"line":5,"column":1}}}},"branchMap":{},"s":{"0":1,"1":1,"2":1},"f":{"0":1},"b":{}}
}
