TN:
SF:src/app/App.tsx
FN:5,App
FNF:1
FNH:1
FNDA:2,App
DA:1,2
DA:2,2
DA:3,2
DA:5,2
DA:6,2
LF:5
LH:5
BRF:0
BRH:0
end_of_record
TN:
SF:src/app/components/PageLoader.tsx
FN:3,PageLoader
FNF:1
FNH:1
FNDA:2,PageLoader
DA:1,1
DA:3,1
DA:4,2
LF:3
LH:3
BRF:0
BRH:0
end_of_record
TN:
SF:src/features/auth/components/AuthForm.tsx
FN:10,(anonymous_7)
FN:20,(anonymous_8)
FN:31,(anonymous_9)
FN:33,(anonymous_10)
FN:36,(anonymous_11)
FN:36,(anonymous_12)
FNF:6
FNH:6
FNDA:70,(anonymous_7)
FNDA:9,(anonymous_8)
FNDA:61,(anonymous_9)
FNDA:61,(anonymous_10)
FNDA:2,(anonymous_11)
FNDA:2,(anonymous_12)
DA:1,1
DA:2,1
DA:3,1
DA:10,1
DA:11,70
DA:12,70
DA:14,70
DA:20,70
DA:21,9
DA:22,1
DA:27,70
DA:28,70
DA:29,70
DA:31,70
DA:32,61
DA:33,61
DA:36,70
DA:37,2
DA:38,2
DA:39,1
DA:41,1
DA:44,70
DA:95,1
LF:23
LH:23
BRDA:21,0,0,1
BRDA:21,0,1,8
BRDA:21,1,0,8
BRDA:21,1,1,1
BRDA:21,2,0,9
BRDA:21,2,1,1
BRDA:27,3,0,36
BRDA:27,3,1,34
BRDA:28,4,0,34
BRDA:28,4,1,36
BRDA:29,5,0,34
BRDA:29,5,1,36
BRDA:38,6,0,1
BRDA:38,6,1,1
BRDA:47,7,0,70
BRDA:47,7,1,36
BRDA:82,8,0,70
BRDA:82,8,1,1
BRDA:85,9,0,70
BRDA:85,9,1,1
BRF:20
BRH:20
end_of_record
TN:
SF:src/features/auth/components/AuthLayout.tsx
FN:4,AuthLayout
FNF:1
FNH:1
FNDA:1,AuthLayout
DA:1,1
DA:2,1
DA:4,1
DA:5,1
LF:4
LH:4
BRF:0
BRH:0
end_of_record
TN:
SF:src/features/auth/pages/SignInPage.tsx
FN:3,(anonymous_1)
FNF:1
FNH:1
FNDA:1,(anonymous_1)
DA:1,1
DA:3,1
DA:4,1
DA:7,1
LF:4
LH:4
BRF:0
BRH:0
end_of_record
TN:
SF:src/features/auth/pages/SignUpPage.tsx
FN:3,SignUpPage
FNF:1
FNH:1
FNDA:1,SignUpPage
DA:1,1
DA:3,1
DA:4,1
LF:3
LH:3
BRF:0
BRH:0
end_of_record
