TN:
SF:src/app/App.tsx
FN:5,App
FNF:1
FNH:1
FNDA:2,App
DA:1,2
DA:2,2
DA:3,2
DA:5,2
DA:6,2
LF:5
LH:5
BRF:0
BRH:0
end_of_record
TN:
SF:src/components/index.ts
FNF:0
FNH:0
DA:1,1
DA:2,1
LF:2
LH:2
BRF:0
BRH:0
end_of_record
TN:
SF:src/components/commons/index.ts
FN:1,(anonymous_1)
FNF:1
FNH:0
FNDA:0,(anonymous_1)
DA:1,1
LF:1
LH:1
BRF:0
BRH:0
end_of_record
TN:
SF:src/components/commons/PageLoader/PageLoader.tsx
FN:4,PageLoader
FNF:1
FNH:1
FNDA:2,PageLoader
DA:1,2
DA:2,2
DA:4,2
DA:5,2
LF:4
LH:4
BRF:0
BRH:0
end_of_record
TN:
SF:src/components/layouts/index.ts
FN:1,(anonymous_1)
FNF:1
FNH:1
FNDA:4,(anonymous_1)
DA:1,6
LF:1
LH:1
BRF:0
BRH:0
end_of_record
TN:
SF:src/components/layouts/FullScreenContainer/FullScreenContainer.tsx
FN:8,(anonymous_0)
FNF:1
FNH:1
FNDA:6,(anonymous_0)
DA:8,4
DA:12,6
DA:20,4
LF:3
LH:3
BRDA:9,0,0,4
BRDA:10,1,0,0
BRF:2
BRH:1
end_of_record
TN:
SF:src/features/auth/components/AuthForm.tsx
FN:10,(anonymous_7)
FN:20,(anonymous_8)
FN:34,(anonymous_9)
FN:36,(anonymous_10)
FN:39,(anonymous_11)
FN:39,(anonymous_12)
FNF:6
FNH:6
FNDA:70,(anonymous_7)
FNDA:9,(anonymous_8)
FNDA:61,(anonymous_9)
FNDA:61,(anonymous_10)
FNDA:2,(anonymous_11)
FNDA:2,(anonymous_12)
DA:1,1
DA:2,1
DA:3,1
DA:10,1
DA:11,70
DA:12,70
DA:14,70
DA:20,70
DA:21,9
DA:22,1
DA:27,70
DA:28,70
DA:29,70
DA:30,70
DA:34,70
DA:35,61
DA:36,61
DA:39,70
DA:40,2
DA:41,2
DA:42,1
DA:44,1
DA:47,70
DA:98,1
LF:24
LH:24
BRDA:21,0,0,1
BRDA:21,0,1,8
BRDA:21,1,0,8
BRDA:21,1,1,1
BRDA:21,2,0,9
BRDA:21,2,1,1
BRDA:27,3,0,36
BRDA:27,3,1,34
BRDA:28,4,0,34
BRDA:28,4,1,36
BRDA:29,5,0,34
BRDA:29,5,1,36
BRDA:30,6,0,34
BRDA:30,6,1,36
BRDA:41,7,0,1
BRDA:41,7,1,1
BRDA:50,8,0,70
BRDA:50,8,1,36
BRDA:85,9,0,70
BRDA:85,9,1,1
BRDA:88,10,0,70
BRDA:88,10,1,1
BRF:22
BRH:22
end_of_record
TN:
SF:src/features/auth/components/AuthLayout.tsx
FN:5,AuthLayout
FNF:1
FNH:1
FNDA:1,AuthLayout
DA:1,1
DA:2,1
DA:3,1
DA:5,1
DA:6,1
LF:5
LH:5
BRF:0
BRH:0
end_of_record
TN:
SF:src/features/auth/pages/SignInPage.tsx
FN:3,(anonymous_1)
FNF:1
FNH:1
FNDA:1,(anonymous_1)
DA:1,1
DA:3,1
DA:4,1
DA:7,1
LF:4
LH:4
BRF:0
BRH:0
end_of_record
TN:
SF:src/features/auth/pages/SignUpPage.tsx
FN:3,SignUpPage
FNF:1
FNH:1
FNDA:1,SignUpPage
DA:1,1
DA:3,1
DA:4,1
LF:3
LH:3
BRF:0
BRH:0
end_of_record
TN:
SF:src/features/error/pages/ErrorPage.tsx
FN:22,ErrorPage
FNF:1
FNH:1
FNDA:2,ErrorPage
DA:1,1
DA:2,1
DA:3,1
DA:4,1
DA:10,1
DA:16,1
DA:22,1
DA:23,2
DA:25,2
DA:27,2
DA:29,2
LF:11
LH:11
BRDA:25,0,0,0
BRDA:25,0,1,2
BRDA:25,1,0,2
BRDA:25,1,1,2
BRDA:27,2,0,1
BRDA:27,2,1,1
BRF:6
BRH:5
end_of_record
